INFO 2025-12-11 13:37:07,913 autoreload 8608 21248 Watching for file changes with StatReloader
INFO 2025-12-11 13:37:11,566 log 8608 9940 "GET / HTTP/1.1" 200 2103
WARNING 2025-12-11 13:37:19,086 views 8608 9940 Failed login attempt for username: Gopi
INFO 2025-12-11 13:37:19,089 log 8608 9940 "POST / HTTP/1.1" 200 2282
WARNING 2025-12-11 13:37:25,777 views 8608 9940 Failed login attempt for username: erts
INFO 2025-12-11 13:37:25,779 log 8608 9940 "POST / HTTP/1.1" 200 2282
INFO 2025-12-11 13:46:43,426 log 8608 17080 "GET / HTTP/1.1" 200 2103
WARNING 2025-12-11 13:46:51,626 views 8608 17080 Failed login attempt for username: ' OR 1=1 --
INFO 2025-12-11 13:46:51,628 log 8608 17080 "POST / HTTP/1.1" 200 2282
WARNING 2025-12-11 13:47:28,079 views 8608 17080 Failed login attempt for username: ' OR 1=1 --
INFO 2025-12-11 13:47:28,081 log 8608 17080 "POST / HTTP/1.1" 200 2282
WARNING 2025-12-11 13:52:30,352 views 8608 17460 Failed login attempt for username: Gopi
INFO 2025-12-11 13:52:30,355 log 8608 17460 "POST / HTTP/1.1" 200 2282
INFO 2025-12-11 13:52:38,629 views 8608 17460 User login successful: Gopi
INFO 2025-12-11 13:52:38,638 log 8608 17460 "POST / HTTP/1.1" 302 0
INFO 2025-12-11 13:52:38,658 log 8608 17460 "GET /dashboard/ HTTP/1.1" 200 1194
WARNING 2025-12-11 13:52:53,089 log 8608 17460 Forbidden (CSRF token from POST incorrect.): /
WARNING 2025-12-11 13:52:53,091 log 8608 17460 "POST / HTTP/1.1" 403 2503
WARNING 2025-12-11 13:54:24,681 log 8608 17460 Forbidden (CSRF token from POST incorrect.): /
WARNING 2025-12-11 13:54:24,683 log 8608 17460 "POST / HTTP/1.1" 403 2503
WARNING 2025-12-11 13:54:28,933 log 8608 17460 Forbidden (CSRF token from POST incorrect.): /
WARNING 2025-12-11 13:54:28,935 log 8608 17460 "POST / HTTP/1.1" 403 2503
WARNING 2025-12-11 13:54:32,289 log 8608 17460 Forbidden (CSRF token from POST incorrect.): /
WARNING 2025-12-11 13:54:32,291 log 8608 17460 "POST / HTTP/1.1" 403 2503
INFO 2025-12-11 13:54:34,024 log 8608 17460 "GET / HTTP/1.1" 200 2103
INFO 2025-12-11 13:54:38,298 log 8608 17460 "GET / HTTP/1.1" 200 2103
INFO 2025-12-11 13:54:47,962 views 8608 17460 User login successful: Gopi
INFO 2025-12-11 13:54:47,970 log 8608 17460 "POST / HTTP/1.1" 302 0
INFO 2025-12-11 13:54:47,985 log 8608 17460 "GET /dashboard/ HTTP/1.1" 200 1194
INFO 2025-12-11 13:54:58,122 log 8608 17460 "GET /resources/ HTTP/1.1" 200 2097
INFO 2025-12-11 13:55:39,650 views 8608 17460 Resource added by Gopi: Ai Chatbot (PROJECT)
INFO 2025-12-11 13:55:39,653 log 8608 17460 "POST /resources/ HTTP/1.1" 302 0
INFO 2025-12-11 13:55:39,711 log 8608 17460 "GET /resources/ HTTP/1.1" 200 2921
INFO 2025-12-11 13:55:43,491 log 8608 17460 "GET /dashboard/ HTTP/1.1" 200 1034
INFO 2025-12-11 13:55:44,613 log 8608 17460 "GET /resources/ HTTP/1.1" 200 2563
INFO 2025-12-11 13:55:48,263 log 8608 17460 "GET /dashboard/ HTTP/1.1" 200 1034
INFO 2025-12-11 13:55:51,755 log 8608 17460 "GET /resources/ HTTP/1.1" 200 2563
INFO 2025-12-11 14:14:33,154 autoreload 15632 19228 Watching for file changes with StatReloader
INFO 2025-12-11 14:14:35,946 log 15632 6232 "GET / HTTP/1.1" 200 2103
INFO 2025-12-11 14:14:46,283 views 15632 6232 User login successful: Gopi
INFO 2025-12-11 14:14:46,293 log 15632 6232 "POST / HTTP/1.1" 302 0
INFO 2025-12-11 14:14:46,320 log 15632 6232 "GET /dashboard/ HTTP/1.1" 200 1194
INFO 2025-12-11 14:14:48,461 log 15632 6232 "GET /resources/ HTTP/1.1" 200 2641
INFO 2025-12-11 14:15:54,270 log 15632 20068 "GET /resources/ HTTP/1.1" 200 2641
INFO 2025-12-11 14:24:11,661 autoreload 15632 19228 C:\Users\podiy\Downloads\NextByte\portal\models.py changed, reloading.
INFO 2025-12-11 14:24:12,583 autoreload 13948 24560 Watching for file changes with StatReloader
INFO 2025-12-11 14:24:18,112 autoreload 13948 24560 C:\Users\podiy\Downloads\NextByte\portal\models.py changed, reloading.
INFO 2025-12-11 14:24:18,960 autoreload 25868 15200 Watching for file changes with StatReloader
INFO 2025-12-11 14:25:19,179 autoreload 15500 26492 Watching for file changes with StatReloader
INFO 2025-12-11 14:25:22,742 log 15500 20972 "GET / HTTP/1.1" 200 2103
INFO 2025-12-11 14:25:33,800 views 15500 20972 User login successful: Gopi
INFO 2025-12-11 14:25:33,809 log 15500 20972 "POST / HTTP/1.1" 302 0
INFO 2025-12-11 14:25:33,831 log 15500 20972 "GET /dashboard/ HTTP/1.1" 200 1194
INFO 2025-12-11 14:25:35,677 log 15500 20972 "GET /resources/ HTTP/1.1" 200 3925
INFO 2025-12-11 14:47:55,520 autoreload 25676 25460 Watching for file changes with StatReloader
INFO 2025-12-11 14:47:59,141 log 25676 11176 "GET / HTTP/1.1" 200 2103
ERROR 2025-12-11 14:48:13,786 log 25676 11176 Internal Server Error: /
Traceback (most recent call last):
  File "C:\Users\podiy\AppData\Local\Packages\PythonSoftwareFoundation.Python.3.13_qbz5n2kfra8p0\LocalCache\local-packages\Python313\site-packages\django\contrib\auth\hashers.py", line 231, in _load_library
    module = importlib.import_module(mod_path)
  File "C:\Program Files\WindowsApps\PythonSoftwareFoundation.Python.3.13_3.13.2544.0_x64__qbz5n2kfra8p0\Lib\importlib\__init__.py", line 88, in import_module
    return _bootstrap._gcd_import(name[level:], package, level)
           ~~~~~~~~~~~~~~~~~~~~~~^^^^^^^^^^^^^^^^^^^^^^^^^^^^^^
  File "<frozen importlib._bootstrap>", line 1387, in _gcd_import
  File "<frozen importlib._bootstrap>", line 1360, in _find_and_load
  File "<frozen importlib._bootstrap>", line 1324, in _find_and_load_unlocked
ModuleNotFoundError: No module named 'argon2'

During handling of the above exception, another exception occurred:

Traceback (most recent call last):
  File "C:\Users\podiy\AppData\Local\Packages\PythonSoftwareFoundation.Python.3.13_qbz5n2kfra8p0\LocalCache\local-packages\Python313\site-packages\django\core\handlers\exception.py", line 55, in inner
    response = get_response(request)
  File "C:\Users\podiy\AppData\Local\Packages\PythonSoftwareFoundation.Python.3.13_qbz5n2kfra8p0\LocalCache\local-packages\Python313\site-packages\django\core\handlers\base.py", line 198, in _get_response
    response = wrapped_callback(request, *callback_args, **callback_kwargs)
  File "C:\Users\podiy\Downloads\NextByte\portal\views.py", line 53, in login_view
    user = authenticate(request, username=username, password=password)
  File "C:\Users\podiy\AppData\Local\Packages\PythonSoftwareFoundation.Python.3.13_qbz5n2kfra8p0\LocalCache\local-packages\Python313\site-packages\django\views\decorators\debug.py", line 75, in sensitive_variables_wrapper
    return func(*func_args, **func_kwargs)
  File "C:\Users\podiy\AppData\Local\Packages\PythonSoftwareFoundation.Python.3.13_qbz5n2kfra8p0\LocalCache\local-packages\Python313\site-packages\django\contrib\auth\__init__.py", line 114, in authenticate
    user = backend.authenticate(request, **credentials)
  File "C:\Users\podiy\AppData\Local\Packages\PythonSoftwareFoundation.Python.3.13_qbz5n2kfra8p0\LocalCache\local-packages\Python313\site-packages\django\contrib\auth\backends.py", line 71, in authenticate
    if user.check_password(password) and self.user_can_authenticate(user):
       ~~~~~~~~~~~~~~~~~~~^^^^^^^^^^
  File "C:\Users\podiy\AppData\Local\Packages\PythonSoftwareFoundation.Python.3.13_qbz5n2kfra8p0\LocalCache\local-packages\Python313\site-packages\django\contrib\auth\base_user.py", line 109, in check_password
    return check_password(raw_password, self.password, setter)
  File "C:\Users\podiy\AppData\Local\Packages\PythonSoftwareFoundation.Python.3.13_qbz5n2kfra8p0\LocalCache\local-packages\Python313\site-packages\django\contrib\auth\hashers.py", line 83, in check_password
    is_correct, must_update = verify_password(password, encoded, preferred=preferred)
                              ~~~~~~~~~~~~~~~^^^^^^^^^^^^^^^^^^^^^^^^^^^^^^^^^^^^^^^^
  File "C:\Users\podiy\AppData\Local\Packages\PythonSoftwareFoundation.Python.3.13_qbz5n2kfra8p0\LocalCache\local-packages\Python313\site-packages\django\contrib\auth\hashers.py", line 62, in verify_password
    must_update = hasher_changed or preferred.must_update(encoded)
                                    ~~~~~~~~~~~~~~~~~~~~~^^^^^^^^^
  File "C:\Users\podiy\AppData\Local\Packages\PythonSoftwareFoundation.Python.3.13_qbz5n2kfra8p0\LocalCache\local-packages\Python313\site-packages\django\contrib\auth\hashers.py", line 461, in must_update
    decoded = self.decode(encoded)
  File "C:\Users\podiy\AppData\Local\Packages\PythonSoftwareFoundation.Python.3.13_qbz5n2kfra8p0\LocalCache\local-packages\Python313\site-packages\django\contrib\auth\hashers.py", line 418, in decode
    argon2 = self._load_library()
  File "C:\Users\podiy\AppData\Local\Packages\PythonSoftwareFoundation.Python.3.13_qbz5n2kfra8p0\LocalCache\local-packages\Python313\site-packages\django\contrib\auth\hashers.py", line 233, in _load_library
    raise ValueError(
    ...<2 lines>...
    )
ValueError: Couldn't load 'Argon2PasswordHasher' algorithm library: No module named 'argon2'
ERROR 2025-12-11 14:48:13,803 log 25676 11176 "POST / HTTP/1.1" 500 129428
ERROR 2025-12-11 14:48:23,839 log 25676 11176 Internal Server Error: /
Traceback (most recent call last):
  File "C:\Users\podiy\AppData\Local\Packages\PythonSoftwareFoundation.Python.3.13_qbz5n2kfra8p0\LocalCache\local-packages\Python313\site-packages\django\contrib\auth\hashers.py", line 231, in _load_library
    module = importlib.import_module(mod_path)
  File "C:\Program Files\WindowsApps\PythonSoftwareFoundation.Python.3.13_3.13.2544.0_x64__qbz5n2kfra8p0\Lib\importlib\__init__.py", line 88, in import_module
    return _bootstrap._gcd_import(name[level:], package, level)
           ~~~~~~~~~~~~~~~~~~~~~~^^^^^^^^^^^^^^^^^^^^^^^^^^^^^^
  File "<frozen importlib._bootstrap>", line 1387, in _gcd_import
  File "<frozen importlib._bootstrap>", line 1360, in _find_and_load
  File "<frozen importlib._bootstrap>", line 1324, in _find_and_load_unlocked
ModuleNotFoundError: No module named 'argon2'

During handling of the above exception, another exception occurred:

Traceback (most recent call last):
  File "C:\Users\podiy\AppData\Local\Packages\PythonSoftwareFoundation.Python.3.13_qbz5n2kfra8p0\LocalCache\local-packages\Python313\site-packages\django\core\handlers\exception.py", line 55, in inner
    response = get_response(request)
  File "C:\Users\podiy\AppData\Local\Packages\PythonSoftwareFoundation.Python.3.13_qbz5n2kfra8p0\LocalCache\local-packages\Python313\site-packages\django\core\handlers\base.py", line 198, in _get_response
    response = wrapped_callback(request, *callback_args, **callback_kwargs)
  File "C:\Users\podiy\Downloads\NextByte\portal\views.py", line 53, in login_view
    user = authenticate(request, username=username, password=password)
  File "C:\Users\podiy\AppData\Local\Packages\PythonSoftwareFoundation.Python.3.13_qbz5n2kfra8p0\LocalCache\local-packages\Python313\site-packages\django\views\decorators\debug.py", line 75, in sensitive_variables_wrapper
    return func(*func_args, **func_kwargs)
  File "C:\Users\podiy\AppData\Local\Packages\PythonSoftwareFoundation.Python.3.13_qbz5n2kfra8p0\LocalCache\local-packages\Python313\site-packages\django\contrib\auth\__init__.py", line 114, in authenticate
    user = backend.authenticate(request, **credentials)
  File "C:\Users\podiy\AppData\Local\Packages\PythonSoftwareFoundation.Python.3.13_qbz5n2kfra8p0\LocalCache\local-packages\Python313\site-packages\django\contrib\auth\backends.py", line 71, in authenticate
    if user.check_password(password) and self.user_can_authenticate(user):
       ~~~~~~~~~~~~~~~~~~~^^^^^^^^^^
  File "C:\Users\podiy\AppData\Local\Packages\PythonSoftwareFoundation.Python.3.13_qbz5n2kfra8p0\LocalCache\local-packages\Python313\site-packages\django\contrib\auth\base_user.py", line 109, in check_password
    return check_password(raw_password, self.password, setter)
  File "C:\Users\podiy\AppData\Local\Packages\PythonSoftwareFoundation.Python.3.13_qbz5n2kfra8p0\LocalCache\local-packages\Python313\site-packages\django\contrib\auth\hashers.py", line 83, in check_password
    is_correct, must_update = verify_password(password, encoded, preferred=preferred)
                              ~~~~~~~~~~~~~~~^^^^^^^^^^^^^^^^^^^^^^^^^^^^^^^^^^^^^^^^
  File "C:\Users\podiy\AppData\Local\Packages\PythonSoftwareFoundation.Python.3.13_qbz5n2kfra8p0\LocalCache\local-packages\Python313\site-packages\django\contrib\auth\hashers.py", line 62, in verify_password
    must_update = hasher_changed or preferred.must_update(encoded)
                                    ~~~~~~~~~~~~~~~~~~~~~^^^^^^^^^
  File "C:\Users\podiy\AppData\Local\Packages\PythonSoftwareFoundation.Python.3.13_qbz5n2kfra8p0\LocalCache\local-packages\Python313\site-packages\django\contrib\auth\hashers.py", line 461, in must_update
    decoded = self.decode(encoded)
  File "C:\Users\podiy\AppData\Local\Packages\PythonSoftwareFoundation.Python.3.13_qbz5n2kfra8p0\LocalCache\local-packages\Python313\site-packages\django\contrib\auth\hashers.py", line 418, in decode
    argon2 = self._load_library()
  File "C:\Users\podiy\AppData\Local\Packages\PythonSoftwareFoundation.Python.3.13_qbz5n2kfra8p0\LocalCache\local-packages\Python313\site-packages\django\contrib\auth\hashers.py", line 233, in _load_library
    raise ValueError(
    ...<2 lines>...
    )
ValueError: Couldn't load 'Argon2PasswordHasher' algorithm library: No module named 'argon2'
ERROR 2025-12-11 14:48:23,843 log 25676 11176 "POST / HTTP/1.1" 500 129428
INFO 2025-12-11 14:49:17,877 autoreload 22392 10556 Watching for file changes with StatReloader
INFO 2025-12-11 14:49:20,427 log 22392 26052 "GET / HTTP/1.1" 200 2103
INFO 2025-12-11 14:49:35,355 views 22392 26052 User login successful: Gopi
INFO 2025-12-11 14:49:35,361 log 22392 26052 "POST / HTTP/1.1" 302 0
INFO 2025-12-11 14:49:35,377 log 22392 26052 "GET /dashboard/ HTTP/1.1" 200 1194
INFO 2025-12-11 14:49:37,639 log 22392 26052 "GET /resources/ HTTP/1.1" 200 3925
INFO 2025-12-11 14:53:13,487 log 22392 26052 "GET /resources/ HTTP/1.1" 200 3925
INFO 2025-12-11 14:53:14,492 log 22392 26052 "GET /dashboard/ HTTP/1.1" 200 1034
INFO 2025-12-11 14:53:16,273 views 22392 26052 User logout successful: Gopi
INFO 2025-12-11 14:53:16,286 log 22392 26052 "GET /logout/ HTTP/1.1" 302 0
INFO 2025-12-11 14:53:16,296 log 22392 26052 "GET /login/ HTTP/1.1" 200 2250
INFO 2025-12-13 14:45:57,504 autoreload 13816 22760 Watching for file changes with StatReloader
INFO 2025-12-13 14:46:43,714 autoreload 27836 2792 Watching for file changes with StatReloader
INFO 2025-12-13 14:46:49,640 log 27836 29288 "GET / HTTP/1.1" 200 2103
WARNING 2025-12-13 14:46:49,770 log 27836 29288 Not Found: /favicon.ico
WARNING 2025-12-13 14:46:49,772 log 27836 29288 "GET /favicon.ico HTTP/1.1" 404 3747
ERROR 2025-12-13 14:47:08,583 log 27836 29288 Internal Server Error: /
Traceback (most recent call last):
  File "C:\Users\podiy\Downloads\NextByte\.venv\Lib\site-packages\django\contrib\auth\hashers.py", line 231, in _load_library
    module = importlib.import_module(mod_path)
  File "C:\Users\podiy\AppData\Local\Programs\Python\Python314\Lib\importlib\__init__.py", line 88, in import_module
    return _bootstrap._gcd_import(name[level:], package, level)
           ~~~~~~~~~~~~~~~~~~~~~~^^^^^^^^^^^^^^^^^^^^^^^^^^^^^^
  File "<frozen importlib._bootstrap>", line 1398, in _gcd_import
  File "<frozen importlib._bootstrap>", line 1371, in _find_and_load
  File "<frozen importlib._bootstrap>", line 1335, in _find_and_load_unlocked
ModuleNotFoundError: No module named 'argon2'

During handling of the above exception, another exception occurred:

Traceback (most recent call last):
  File "C:\Users\podiy\Downloads\NextByte\.venv\Lib\site-packages\django\core\handlers\exception.py", line 55, in inner
    response = get_response(request)
  File "C:\Users\podiy\Downloads\NextByte\.venv\Lib\site-packages\django\core\handlers\base.py", line 198, in _get_response
    response = wrapped_callback(request, *callback_args, **callback_kwargs)
  File "C:\Users\podiy\Downloads\NextByte\portal\views.py", line 53, in login_view
    user = authenticate(request, username=username, password=password)
  File "C:\Users\podiy\Downloads\NextByte\.venv\Lib\site-packages\django\views\decorators\debug.py", line 75, in sensitive_variables_wrapper
    return func(*func_args, **func_kwargs)
  File "C:\Users\podiy\Downloads\NextByte\.venv\Lib\site-packages\django\contrib\auth\__init__.py", line 114, in authenticate
    user = backend.authenticate(request, **credentials)
  File "C:\Users\podiy\Downloads\NextByte\.venv\Lib\site-packages\django\contrib\auth\backends.py", line 71, in authenticate
    if user.check_password(password) and self.user_can_authenticate(user):
       ~~~~~~~~~~~~~~~~~~~^^^^^^^^^^
  File "C:\Users\podiy\Downloads\NextByte\.venv\Lib\site-packages\django\contrib\auth\base_user.py", line 109, in check_password
    return check_password(raw_password, self.password, setter)
  File "C:\Users\podiy\Downloads\NextByte\.venv\Lib\site-packages\django\contrib\auth\hashers.py", line 83, in check_password
    is_correct, must_update = verify_password(password, encoded, preferred=preferred)
                              ~~~~~~~~~~~~~~~^^^^^^^^^^^^^^^^^^^^^^^^^^^^^^^^^^^^^^^^
  File "C:\Users\podiy\Downloads\NextByte\.venv\Lib\site-packages\django\contrib\auth\hashers.py", line 62, in verify_password
    must_update = hasher_changed or preferred.must_update(encoded)
                                    ~~~~~~~~~~~~~~~~~~~~~^^^^^^^^^
  File "C:\Users\podiy\Downloads\NextByte\.venv\Lib\site-packages\django\contrib\auth\hashers.py", line 461, in must_update
    decoded = self.decode(encoded)
  File "C:\Users\podiy\Downloads\NextByte\.venv\Lib\site-packages\django\contrib\auth\hashers.py", line 418, in decode
    argon2 = self._load_library()
  File "C:\Users\podiy\Downloads\NextByte\.venv\Lib\site-packages\django\contrib\auth\hashers.py", line 233, in _load_library
    raise ValueError(
    ...<2 lines>...
    )
ValueError: Couldn't load 'Argon2PasswordHasher' algorithm library: No module named 'argon2'
ERROR 2025-12-13 14:47:08,590 log 27836 29288 "POST / HTTP/1.1" 500 125391
INFO 2025-12-13 14:48:02,111 autoreload 10908 23672 Watching for file changes with StatReloader
INFO 2025-12-13 14:48:05,207 log 10908 11096 "GET / HTTP/1.1" 200 2103
WARNING 2025-12-13 14:48:17,653 views 10908 11096 Failed login attempt for username: Gopi
INFO 2025-12-13 14:48:17,655 log 10908 11096 "POST / HTTP/1.1" 200 2282
INFO 2025-12-13 14:48:28,792 views 10908 11096 User login successful: Gopi
INFO 2025-12-13 14:48:28,799 log 10908 11096 "POST / HTTP/1.1" 302 0
INFO 2025-12-13 14:48:28,869 log 10908 11096 "GET /dashboard/ HTTP/1.1" 200 1194
INFO 2025-12-13 14:48:28,882 log 10908 11096 "GET /static/portal/style.css HTTP/1.1" 304 0
INFO 2025-12-13 14:48:43,809 log 10908 11096 "GET /dashboard/ HTTP/1.1" 200 1034
INFO 2025-12-13 14:48:43,944 log 10908 11096 "GET /dashboard/ HTTP/1.1" 200 1034
INFO 2025-12-13 14:48:44,079 log 10908 11096 "GET /dashboard/ HTTP/1.1" 200 1034
INFO 2025-12-13 14:48:44,279 log 10908 11096 "GET /dashboard/ HTTP/1.1" 200 1034
INFO 2025-12-13 14:48:44,547 log 10908 11096 "GET /dashboard/ HTTP/1.1" 200 1034
INFO 2025-12-13 14:48:44,697 log 10908 11096 "GET /dashboard/ HTTP/1.1" 200 1034
INFO 2025-12-13 14:48:44,820 log 10908 11096 "GET /dashboard/ HTTP/1.1" 200 1034
INFO 2025-12-13 14:48:44,953 log 10908 11096 "GET /dashboard/ HTTP/1.1" 200 1034
INFO 2025-12-13 14:48:45,073 log 10908 11096 "GET /dashboard/ HTTP/1.1" 200 1034
WARNING 2025-12-13 14:48:45,193 views 10908 11096 Rate limit exceeded for user: Gopi on view: dashboard_view
WARNING 2025-12-13 14:48:45,239 log 10908 11096 Too Many Requests: /dashboard/
WARNING 2025-12-13 14:48:45,240 log 10908 11096 "GET /dashboard/ HTTP/1.1" 429 1574
WARNING 2025-12-13 14:49:01,488 log 10908 11096 Forbidden (CSRF token from POST incorrect.): /
WARNING 2025-12-13 14:49:01,491 log 10908 11096 "POST / HTTP/1.1" 403 2503
INFO 2025-12-13 14:49:05,300 log 10908 17388 "GET / HTTP/1.1" 200 2103
WARNING 2025-12-13 14:49:34,083 views 10908 17388 Failed login attempt for username: or 1=1
INFO 2025-12-13 14:49:34,085 log 10908 17388 "POST / HTTP/1.1" 200 2282
WARNING 2025-12-13 14:49:46,824 views 10908 17388 Failed login attempt for username: or 1=1
INFO 2025-12-13 14:49:46,826 log 10908 17388 "POST / HTTP/1.1" 200 2282
WARNING 2025-12-13 14:49:50,009 views 10908 17388 Failed login attempt for username: or 1=1
INFO 2025-12-13 14:49:50,010 log 10908 17388 "POST / HTTP/1.1" 200 2282
WARNING 2025-12-13 14:49:53,914 views 10908 17388 Failed login attempt for username: or 1=1
INFO 2025-12-13 14:49:53,917 log 10908 17388 "POST / HTTP/1.1" 200 2282
WARNING 2025-12-13 14:50:26,253 views 10908 17388 Failed login attempt for username: or 1=1
INFO 2025-12-13 14:50:26,255 log 10908 17388 "POST / HTTP/1.1" 200 2282
INFO 2025-12-13 14:50:36,761 views 10908 17388 User login successful: Gopi
INFO 2025-12-13 14:50:36,771 log 10908 17388 "POST / HTTP/1.1" 302 0
INFO 2025-12-13 14:50:36,785 log 10908 17388 "GET /dashboard/ HTTP/1.1" 200 1194
INFO 2025-12-13 14:50:41,221 log 10908 17388 "GET /resources/ HTTP/1.1" 200 3925
INFO 2025-12-13 14:50:45,801 log 10908 17388 "GET /resources/ HTTP/1.1" 200 3925
INFO 2025-12-13 14:50:47,117 log 10908 17388 "GET /resources/ HTTP/1.1" 200 3925
INFO 2025-12-13 14:50:47,612 log 10908 17388 "GET /resources/ HTTP/1.1" 200 3925
INFO 2025-12-13 14:50:47,832 log 10908 17388 "GET /resources/ HTTP/1.1" 200 3925
INFO 2025-12-13 14:50:49,446 log 10908 17388 "GET /dashboard/ HTTP/1.1" 200 1034
INFO 2025-12-13 14:51:26,187 log 10908 17388 "GET / HTTP/1.1" 200 2103
WARNING 2025-12-13 14:51:30,008 views 10908 17388 Failed login attempt for username: or 1=1
INFO 2025-12-13 14:51:30,010 log 10908 17388 "POST / HTTP/1.1" 200 2282
WARNING 2025-12-13 14:52:12,057 views 10908 17388 Failed login attempt for username: gopi
INFO 2025-12-13 14:52:12,059 log 10908 17388 "POST / HTTP/1.1" 200 2282
WARNING 2025-12-13 14:52:22,164 views 10908 17388 Failed login attempt for username: jpodkfok
INFO 2025-12-13 14:52:22,167 log 10908 17388 "POST / HTTP/1.1" 200 2282
INFO 2025-12-14 09:26:51,521 autoreload 5716 23024 Watching for file changes with StatReloader
INFO 2025-12-14 09:26:55,238 log 5716 18440 "GET / HTTP/1.1" 200 2103
WARNING 2025-12-14 09:26:55,543 log 5716 18440 Not Found: /favicon.ico
WARNING 2025-12-14 09:26:55,545 log 5716 18440 "GET /favicon.ico HTTP/1.1" 404 3747
WARNING 2025-12-14 09:37:36,417 log 5716 4488 Not Found: /.well-known/appspecific/com.chrome.devtools.json
WARNING 2025-12-14 09:37:36,419 log 5716 4488 "GET /.well-known/appspecific/com.chrome.devtools.json HTTP/1.1" 404 3858
INFO 2025-12-14 09:37:42,461 log 5716 4488 "GET / HTTP/1.1" 200 2103
WARNING 2025-12-14 09:37:42,558 log 5716 4488 Not Found: /.well-known/appspecific/com.chrome.devtools.json
WARNING 2025-12-14 09:37:42,560 log 5716 4488 "GET /.well-known/appspecific/com.chrome.devtools.json HTTP/1.1" 404 3858
INFO 2025-12-14 09:37:44,573 log 5716 4488 "GET / HTTP/1.1" 200 2103
INFO 2025-12-14 09:40:16,202 views 5716 4488 User login successful: Gopi
INFO 2025-12-14 09:40:16,212 log 5716 4488 "POST / HTTP/1.1" 302 0
INFO 2025-12-14 09:40:16,294 log 5716 4488 "GET /dashboard/ HTTP/1.1" 200 1194
INFO 2025-12-14 09:40:16,347 log 5716 4488 "GET /static/portal/style.css HTTP/1.1" 304 0
INFO 2025-12-14 09:40:26,844 log 5716 4488 "GET /dashboard/ HTTP/1.1" 200 1034
INFO 2025-12-14 09:40:27,259 log 5716 4488 "GET /dashboard/ HTTP/1.1" 200 1034
INFO 2025-12-14 09:40:27,510 log 5716 4488 "GET /dashboard/ HTTP/1.1" 200 1034
INFO 2025-12-14 09:40:27,759 log 5716 4488 "GET /dashboard/ HTTP/1.1" 200 1034
INFO 2025-12-14 09:40:28,067 log 5716 4488 "GET /dashboard/ HTTP/1.1" 200 1034
INFO 2025-12-14 09:40:28,282 log 5716 4488 "GET /dashboard/ HTTP/1.1" 200 1034
INFO 2025-12-14 09:40:28,593 log 5716 4488 "GET /dashboard/ HTTP/1.1" 200 1034
INFO 2025-12-14 09:40:28,796 log 5716 4488 "GET /dashboard/ HTTP/1.1" 200 1034
INFO 2025-12-14 09:40:28,928 log 5716 4488 "GET /dashboard/ HTTP/1.1" 200 1034
WARNING 2025-12-14 09:40:29,053 views 5716 4488 Rate limit exceeded for user: Gopi on view: dashboard_view
WARNING 2025-12-14 09:40:29,095 log 5716 4488 Too Many Requests: /dashboard/
WARNING 2025-12-14 09:40:29,097 log 5716 4488 "GET /dashboard/ HTTP/1.1" 429 1574
WARNING 2025-12-14 09:40:36,717 views 5716 4488 Rate limit exceeded for user: Gopi on view: dashboard_view
WARNING 2025-12-14 09:40:36,718 log 5716 4488 Too Many Requests: /dashboard/
WARNING 2025-12-14 09:40:36,720 log 5716 4488 "GET /dashboard/ HTTP/1.1" 429 1574
INFO 2025-12-14 09:42:06,245 log 5716 4488 "GET / HTTP/1.1" 200 2103
WARNING 2025-12-14 09:42:19,220 views 5716 4488 Failed login attempt for username: Gopi
INFO 2025-12-14 09:42:19,222 log 5716 4488 "POST / HTTP/1.1" 200 2282
WARNING 2025-12-14 09:42:28,033 views 5716 4488 Failed login attempt for username: iugui
INFO 2025-12-14 09:42:28,036 log 5716 4488 "POST / HTTP/1.1" 200 2282
WARNING 2025-12-14 09:45:28,311 views 5716 4488 Failed login attempt for username: iugui
INFO 2025-12-14 09:45:28,313 log 5716 4488 "POST / HTTP/1.1" 200 2282
WARNING 2025-12-14 09:45:31,980 views 5716 4488 Failed login attempt for username: iugui
INFO 2025-12-14 09:45:31,982 log 5716 4488 "POST / HTTP/1.1" 200 2282
INFO 2025-12-14 09:49:51,625 views 5716 4488 User login successful: Gopi
INFO 2025-12-14 09:49:51,634 log 5716 4488 "POST / HTTP/1.1" 302 0
INFO 2025-12-14 09:49:51,649 log 5716 4488 "GET /dashboard/ HTTP/1.1" 200 1194
WARNING 2025-12-14 09:49:56,100 log 5716 4488 Not Found: /.well-known/appspecific/com.chrome.devtools.json
WARNING 2025-12-14 09:49:56,101 log 5716 4488 "GET /.well-known/appspecific/com.chrome.devtools.json HTTP/1.1" 404 3858
INFO 2025-12-14 09:49:58,845 log 5716 4488 "GET /dashboard/ HTTP/1.1" 200 1034
WARNING 2025-12-14 09:49:58,881 log 5716 4488 Not Found: /.well-known/appspecific/com.chrome.devtools.json
WARNING 2025-12-14 09:49:58,883 log 5716 4488 "GET /.well-known/appspecific/com.chrome.devtools.json HTTP/1.1" 404 3858
INFO 2025-12-14 09:50:08,330 log 5716 4488 "GET /dashboard/ HTTP/1.1" 200 1034
WARNING 2025-12-14 09:50:08,396 log 5716 4488 Not Found: /.well-known/appspecific/com.chrome.devtools.json
WARNING 2025-12-14 09:50:08,397 log 5716 4488 "GET /.well-known/appspecific/com.chrome.devtools.json HTTP/1.1" 404 3858
INFO 2025-12-14 09:50:56,897 log 5716 4488 "GET /dashboard/ HTTP/1.1" 200 1034
WARNING 2025-12-14 12:01:25,497 log 5716 3156 Forbidden (CSRF token from POST incorrect.): /
WARNING 2025-12-14 12:01:25,501 log 5716 3156 "POST / HTTP/1.1" 403 2503
WARNING 2025-12-14 12:01:25,553 log 5716 3156 Not Found: /.well-known/appspecific/com.chrome.devtools.json
WARNING 2025-12-14 12:01:25,554 log 5716 3156 "GET /.well-known/appspecific/com.chrome.devtools.json HTTP/1.1" 404 3858
WARNING 2025-12-14 12:01:27,565 log 5716 3156 Forbidden (CSRF token from POST incorrect.): /
WARNING 2025-12-14 12:01:27,566 log 5716 3156 "POST / HTTP/1.1" 403 2503
WARNING 2025-12-14 12:01:27,609 log 5716 3156 Not Found: /.well-known/appspecific/com.chrome.devtools.json
WARNING 2025-12-14 12:01:27,610 log 5716 3156 "GET /.well-known/appspecific/com.chrome.devtools.json HTTP/1.1" 404 3858
WARNING 2025-12-14 12:01:28,293 log 5716 3156 Forbidden (CSRF token from POST incorrect.): /
WARNING 2025-12-14 12:01:28,296 log 5716 3156 "POST / HTTP/1.1" 403 2503
WARNING 2025-12-14 12:01:28,323 log 5716 3156 Not Found: /.well-known/appspecific/com.chrome.devtools.json
WARNING 2025-12-14 12:01:28,323 log 5716 3156 "GET /.well-known/appspecific/com.chrome.devtools.json HTTP/1.1" 404 3858
WARNING 2025-12-14 12:01:28,516 log 5716 3156 Forbidden (CSRF token from POST incorrect.): /
WARNING 2025-12-14 12:01:28,517 log 5716 3156 "POST / HTTP/1.1" 403 2503
WARNING 2025-12-14 12:01:28,552 log 5716 3156 Not Found: /.well-known/appspecific/com.chrome.devtools.json
WARNING 2025-12-14 12:01:28,553 log 5716 3156 "GET /.well-known/appspecific/com.chrome.devtools.json HTTP/1.1" 404 3858
INFO 2025-12-14 12:01:37,175 autoreload 23520 23140 Watching for file changes with StatReloader
INFO 2025-12-14 12:01:43,640 log 23520 26992 "GET / HTTP/1.1" 200 2103
